<?xml version="1.0" encoding="UTF-8"?>
<!-- Generated by org.testng.reporters.JUnitReportReporter -->
<testsuite hostname="Zeus" failures="0" tests="4" name="org.example.TESTNG.ParameterTestClass" time="0.012" errors="0" timestamp="2023-10-16T08:04:12 IST" skipped="0">
  <testcase classname="org.example.TESTNG.ParameterTestClass" name="browserDetails" time="0.012"/>
  <system-out/>
  <testcase classname="org.example.TESTNG.ParameterTestClass" name="userDetails" time="0.000"/>
  <system-out/>
  <testcase classname="org.example.TESTNG.ParameterTestClass" name="browserDetails" time="0.000"/>
  <system-out/>
  <testcase classname="org.example.TESTNG.ParameterTestClass" name="userDetails" time="0.000"/>
  <system-out/>
</testsuite> <!-- org.example.TESTNG.ParameterTestClass -->
