<?xml version="1.0" encoding="UTF-8"?>
<!-- Generated by org.testng.reporters.JUnitReportReporter -->
<testsuite hostname="Zeus" failures="0" tests="3" name="org.example.TESTNG.DataProviderTest" time="0.003" errors="0" timestamp="2023-10-16T08:04:12 IST" skipped="0">
  <testcase classname="org.example.TESTNG.DataProviderTest" name="calculate" time="0.000"/>
  <system-out/>
  <testcase classname="org.example.TESTNG.DataProviderTest" name="calculate" time="0.002"/>
  <system-out/>
  <testcase classname="org.example.TESTNG.DataProviderTest" name="calculate" time="0.001"/>
  <system-out/>
</testsuite> <!-- org.example.TESTNG.DataProviderTest -->
