<?xml version="1.0" encoding="UTF-8"?>
<!-- Generated by org.testng.reporters.JUnitReportReporter -->
<testsuite hostname="Zeus" failures="0" tests="6" name="org.example.TESTNG.FaceBookProfileTest" time="0.001" errors="0" timestamp="2023-10-16T08:04:12 IST" skipped="4">
  <testcase classname="org.example.TESTNG.FaceBookProfileTest" name="checkProfileLink1" time="0.001">
    <skipped/>
  </testcase> <!-- checkProfileLink1 -->
  <system-out/>
  <testcase classname="org.example.TESTNG.FaceBookProfileTest" name="checkProfileLink" time="0.000"/>
  <system-out/>
  <testcase classname="org.example.TESTNG.FaceBookProfileTest" name="checkProfileLink" time="0.000"/>
  <system-out/>
  <testcase classname="org.example.TESTNG.FaceBookProfileTest" name="checkProfileLink1" time="0.000">
    <skipped/>
  </testcase> <!-- checkProfileLink1 -->
  <system-out/>
  <testcase classname="org.example.TESTNG.FaceBookProfileTest" name="checkProfilePictures">
    <skipped/>
  </testcase> <!-- checkProfilePictures -->
  <system-out/>
  <testcase classname="org.example.TESTNG.FaceBookProfileTest" name="checkProfilePictures">
    <skipped/>
  </testcase> <!-- checkProfilePictures -->
  <system-out/>
</testsuite> <!-- org.example.TESTNG.FaceBookProfileTest -->
